This is pdfTeX, Version 3.141592653-2.6-1.40.25 (TeX Live 2023) (preloaded format=pdflatex 2023.12.4)  12 FEB 2024 02:45
entering extended mode
 restricted \write18 enabled.
 file:line:error style messages enabled.
 %&-line parsing enabled.
**/Users/waswel/Desktop/РЈС‡РµР±Р°/Practice/main.tex
(/Users/waswel/Desktop/РЈС‡РµР±Р°/Practice/main.tex
LaTeX2e <2022-11-01> patch level 1
L3 programming layer <2023-02-22> (/usr/local/texlive/2023/texmf-dist/tex/latex/extsizes/extreport.cls
Document Class: extreport 1996/10/08 v1.0 Non Standard LaTeX document class
(/usr/local/texlive/2023/texmf-dist/tex/latex/extsizes/size14.clo
File: size14.clo 1999/11/11 v1.4a NON-Standard LaTeX file (size option)
) (/usr/local/texlive/2023/texmf-dist/tex/latex/base/exscale.sty
Package: exscale 2018/09/24 v2.1i Standard LaTeX package exscale
LaTeX Font Info:    Redeclaring symbol font `largesymbols' on input line 57.
LaTeX Font Info:    Overwriting symbol font `largesymbols' in version `normal'
(Font)                  OMX/cmex/m/n --> OMX/cmex/m/n on input line 57.
LaTeX Font Info:    Overwriting symbol font `largesymbols' in version `bold'
(Font)                  OMX/cmex/m/n --> OMX/cmex/m/n on input line 57.
\big@size=\dimen140
)
\c@part=\count185
\c@chapter=\count186
\c@section=\count187
\c@subsection=\count188
\c@subsubsection=\count189
\c@paragraph=\count190
\c@subparagraph=\count191
\c@figure=\count192
\c@table=\count193
\abovecaptionskip=\skip48
\belowcaptionskip=\skip49
\bibindent=\dimen141
) (./gost.sty (/usr/local/texlive/2023/texmf-dist/tex/latex/geometry/geometry.sty
Package: geometry 2020/01/02 v5.9 Page Geometry
 (/usr/local/texlive/2023/texmf-dist/tex/latex/graphics/keyval.sty
Package: keyval 2022/05/29 v1.15 key=value parser (DPC)
\KV@toks@=\toks16
) (/usr/local/texlive/2023/texmf-dist/tex/generic/iftex/ifvtex.sty
Package: ifvtex 2019/10/25 v1.7 ifvtex legacy package. Use iftex instead.
 (/usr/local/texlive/2023/texmf-dist/tex/generic/iftex/iftex.sty
Package: iftex 2022/02/03 v1.0f TeX engine tests
))
\Gm@cnth=\count194
\Gm@cntv=\count195
\c@Gm@tempcnt=\count196
\Gm@bindingoffset=\dimen142
\Gm@wd@mp=\dimen143
\Gm@odd@mp=\dimen144
\Gm@even@mp=\dimen145
\Gm@layoutwidth=\dimen146
\Gm@layoutheight=\dimen147
\Gm@layouthoffset=\dimen148
\Gm@layoutvoffset=\dimen149
\Gm@dimlist=\toks17
) (/usr/local/texlive/2023/texmf-dist/tex/latex/base/inputenc.sty
Package: inputenc 2021/02/14 v1.3d Input encoding file
\inpenc@prehook=\toks18
\inpenc@posthook=\toks19
) (/usr/local/texlive/2023/texmf-dist/tex/latex/base/fontenc.sty
Package: fontenc 2021/04/29 v2.0v Standard LaTeX package
 (/usr/local/texlive/2023/texmf-dist/tex/latex/cyrillic/t2aenc.def
File: t2aenc.def 2022/06/11 v1.0j Cyrillic encoding definition file
Now handling font encoding T2A ...
... processing UTF-8 mapping file for font encoding T2A
 (/usr/local/texlive/2023/texmf-dist/tex/latex/base/t2aenc.dfu
File: t2aenc.dfu 2022/06/07 v1.3c UTF-8 support
   defining Unicode char U+00A4 (decimal 164)
   defining Unicode char U+00A7 (decimal 167)
   defining Unicode char U+00AB (decimal 171)
   defining Unicode char U+00BB (decimal 187)
   defining Unicode char U+0131 (decimal 305)
   defining Unicode char U+0237 (decimal 567)
   defining Unicode char U+0400 (decimal 1024)
   defining Unicode char U+0401 (decimal 1025)
   defining Unicode char U+0402 (decimal 1026)
   defining Unicode char U+0403 (decimal 1027)
   defining Unicode char U+0404 (decimal 1028)
   defining Unicode char U+0405 (decimal 1029)
   defining Unicode char U+0406 (decimal 1030)
   defining Unicode char U+0407 (decimal 1031)
   defining Unicode char U+0408 (decimal 1032)
   defining Unicode char U+0409 (decimal 1033)
   defining Unicode char U+040A (decimal 1034)
   defining Unicode char U+040B (decimal 1035)
   defining Unicode char U+040C (decimal 1036)
   defining Unicode char U+040D (decimal 1037)
   defining Unicode char U+040E (decimal 1038)
   defining Unicode char U+040F (decimal 1039)
   defining Unicode char U+0410 (decimal 1040)
   defining Unicode char U+0411 (decimal 1041)
   defining Unicode char U+0412 (decimal 1042)
   defining Unicode char U+0413 (decimal 1043)
   defining Unicode char U+0414 (decimal 1044)
   defining Unicode char U+0415 (decimal 1045)
   defining Unicode char U+0416 (decimal 1046)
   defining Unicode char U+0417 (decimal 1047)
   defining Unicode char U+0418 (decimal 1048)
   defining Unicode char U+0419 (decimal 1049)
   defining Unicode char U+041A (decimal 1050)
   defining Unicode char U+041B (decimal 1051)
   defining Unicode char U+041C (decimal 1052)
   defining Unicode char U+041D (decimal 1053)
   defining Unicode char U+041E (decimal 1054)
   defining Unicode char U+041F (decimal 1055)
   defining Unicode char U+0420 (decimal 1056)
   defining Unicode char U+0421 (decimal 1057)
   defining Unicode char U+0422 (decimal 1058)
   defining Unicode char U+0423 (decimal 1059)
   defining Unicode char U+0424 (decimal 1060)
   defining Unicode char U+0425 (decimal 1061)
   defining Unicode char U+0426 (decimal 1062)
   defining Unicode char U+0427 (decimal 1063)
   defining Unicode char U+0428 (decimal 1064)
   defining Unicode char U+0429 (decimal 1065)
   defining Unicode char U+042A (decimal 1066)
   defining Unicode char U+042B (decimal 1067)
   defining Unicode char U+042C (decimal 1068)
   defining Unicode char U+042D (decimal 1069)
   defining Unicode char U+042E (decimal 1070)
   defining Unicode char U+042F (decimal 1071)
   defining Unicode char U+0430 (decimal 1072)
   defining Unicode char U+0431 (decimal 1073)
   defining Unicode char U+0432 (decimal 1074)
   defining Unicode char U+0433 (decimal 1075)
   defining Unicode char U+0434 (decimal 1076)
   defining Unicode char U+0435 (decimal 1077)
   defining Unicode char U+0436 (decimal 1078)
   defining Unicode char U+0437 (decimal 1079)
   defining Unicode char U+0438 (decimal 1080)
   defining Unicode char U+0439 (decimal 1081)
   defining Unicode char U+043A (decimal 1082)
   defining Unicode char U+043B (decimal 1083)
   defining Unicode char U+043C (decimal 1084)
   defining Unicode char U+043D (decimal 1085)
   defining Unicode char U+043E (decimal 1086)
   defining Unicode char U+043F (decimal 1087)
   defining Unicode char U+0440 (decimal 1088)
   defining Unicode char U+0441 (decimal 1089)
   defining Unicode char U+0442 (decimal 1090)
   defining Unicode char U+0443 (decimal 1091)
   defining Unicode char U+0444 (decimal 1092)
   defining Unicode char U+0445 (decimal 1093)
   defining Unicode char U+0446 (decimal 1094)
   defining Unicode char U+0447 (decimal 1095)
   defining Unicode char U+0448 (decimal 1096)
   defining Unicode char U+0449 (decimal 1097)
   defining Unicode char U+044A (decimal 1098)
   defining Unicode char U+044B (decimal 1099)
   defining Unicode char U+044C (decimal 1100)
   defining Unicode char U+044D (decimal 1101)
   defining Unicode char U+044E (decimal 1102)
   defining Unicode char U+044F (decimal 1103)
   defining Unicode char U+0450 (decimal 1104)
   defining Unicode char U+0451 (decimal 1105)
   defining Unicode char U+0452 (decimal 1106)
   defining Unicode char U+0453 (decimal 1107)
   defining Unicode char U+0454 (decimal 1108)
   defining Unicode char U+0455 (decimal 1109)
   defining Unicode char U+0456 (decimal 1110)
   defining Unicode char U+0457 (decimal 1111)
   defining Unicode char U+0458 (decimal 1112)
   defining Unicode char U+0459 (decimal 1113)
   defining Unicode char U+045A (decimal 1114)
   defining Unicode char U+045B (decimal 1115)
   defining Unicode char U+045C (decimal 1116)
   defining Unicode char U+045D (decimal 1117)
   defining Unicode char U+045E (decimal 1118)
   defining Unicode char U+045F (decimal 1119)
   defining Unicode char U+0490 (decimal 1168)
   defining Unicode char U+0491 (decimal 1169)
   defining Unicode char U+0492 (decimal 1170)
   defining Unicode char U+0493 (decimal 1171)
   defining Unicode char U+0496 (decimal 1174)
   defining Unicode char U+0497 (decimal 1175)
   defining Unicode char U+0498 (decimal 1176)
   defining Unicode char U+0499 (decimal 1177)
   defining Unicode char U+049A (decimal 1178)
   defining Unicode char U+049B (decimal 1179)
   defining Unicode char U+049C (decimal 1180)
   defining Unicode char U+049D (decimal 1181)
   defining Unicode char U+04A0 (decimal 1184)
   defining Unicode char U+04A1 (decimal 1185)
   defining Unicode char U+04A2 (decimal 1186)
   defining Unicode char U+04A3 (decimal 1187)
   defining Unicode char U+04A4 (decimal 1188)
   defining Unicode char U+04A5 (decimal 1189)
   defining Unicode char U+04AA (decimal 1194)
   defining Unicode char U+04AB (decimal 1195)
   defining Unicode char U+04AE (decimal 1198)
   defining Unicode char U+04AF (decimal 1199)
   defining Unicode char U+04B0 (decimal 1200)
   defining Unicode char U+04B1 (decimal 1201)
   defining Unicode char U+04B2 (decimal 1202)
   defining Unicode char U+04B3 (decimal 1203)
   defining Unicode char U+04B6 (decimal 1206)
   defining Unicode char U+04B7 (decimal 1207)
   defining Unicode char U+04B8 (decimal 1208)
   defining Unicode char U+04B9 (decimal 1209)
   defining Unicode char U+04BA (decimal 1210)
   defining Unicode char U+04BB (decimal 1211)
   defining Unicode char U+04C0 (decimal 1216)
   defining Unicode char U+04C1 (decimal 1217)
   defining Unicode char U+04C2 (decimal 1218)
   defining Unicode char U+04D0 (decimal 1232)
   defining Unicode char U+04D1 (decimal 1233)
   defining Unicode char U+04D2 (decimal 1234)
   defining Unicode char U+04D3 (decimal 1235)
   defining Unicode char U+04D4 (decimal 1236)
   defining Unicode char U+04D5 (decimal 1237)
   defining Unicode char U+04D6 (decimal 1238)
   defining Unicode char U+04D7 (decimal 1239)
   defining Unicode char U+04D8 (decimal 1240)
   defining Unicode char U+04D9 (decimal 1241)
   defining Unicode char U+04DA (decimal 1242)
   defining Unicode char U+04DB (decimal 1243)
   defining Unicode char U+04DC (decimal 1244)
   defining Unicode char U+04DD (decimal 1245)
   defining Unicode char U+04DE (decimal 1246)
   defining Unicode char U+04DF (decimal 1247)
   defining Unicode char U+04E2 (decimal 1250)
   defining Unicode char U+04E3 (decimal 1251)
   defining Unicode char U+04E4 (decimal 1252)
   defining Unicode char U+04E5 (decimal 1253)
   defining Unicode char U+04E6 (decimal 1254)
   defining Unicode char U+04E7 (decimal 1255)
   defining Unicode char U+04E8 (decimal 1256)
   defining Unicode char U+04E9 (decimal 1257)
   defining Unicode char U+04EC (decimal 1260)
   defining Unicode char U+04ED (decimal 1261)
   defining Unicode char U+04EE (decimal 1262)
   defining Unicode char U+04EF (decimal 1263)
   defining Unicode char U+04F0 (decimal 1264)
   defining Unicode char U+04F1 (decimal 1265)
   defining Unicode char U+04F2 (decimal 1266)
   defining Unicode char U+04F3 (decimal 1267)
   defining Unicode char U+04F4 (decimal 1268)
   defining Unicode char U+04F5 (decimal 1269)
   defining Unicode char U+04F8 (decimal 1272)
   defining Unicode char U+04F9 (decimal 1273)
   defining Unicode char U+200C (decimal 8204)
   defining Unicode char U+2013 (decimal 8211)
   defining Unicode char U+2014 (decimal 8212)
   defining Unicode char U+2018 (decimal 8216)
   defining Unicode char U+2019 (decimal 8217)
   defining Unicode char U+201C (decimal 8220)
   defining Unicode char U+201D (decimal 8221)
   defining Unicode char U+201E (decimal 8222)
   defining Unicode char U+2030 (decimal 8240)
   defining Unicode char U+2031 (decimal 8241)
   defining Unicode char U+2116 (decimal 8470)
   defining Unicode char U+2329 (decimal 9001)
   defining Unicode char U+3008 (decimal 12296)
   defining Unicode char U+232A (decimal 9002)
   defining Unicode char U+3009 (decimal 12297)
   defining Unicode char U+2423 (decimal 9251)
   defining Unicode char U+27E8 (decimal 10216)
   defining Unicode char U+27E9 (decimal 10217)
   defining Unicode char U+FB00 (decimal 64256)
   defining Unicode char U+FB01 (decimal 64257)
   defining Unicode char U+FB02 (decimal 64258)
   defining Unicode char U+FB03 (decimal 64259)
   defining Unicode char U+FB04 (decimal 64260)
   defining Unicode char U+FB05 (decimal 64261)
   defining Unicode char U+FB06 (decimal 64262)
))
LaTeX Font Info:    Trying to load font information for T2A+cmr on input line 112.
 (/usr/local/texlive/2023/texmf-dist/tex/latex/cyrillic/t2acmr.fd
File: t2acmr.fd 2001/08/11 v1.0a Computer Modern Cyrillic font definitions
)) (/usr/local/texlive/2023/texmf-dist/tex/generic/babel/babel.sty
Package: babel 2023/02/13 3.86 The Babel package
\babel@savecnt=\count197
\U@D=\dimen150
\l@unhyphenated=\language87
 (/usr/local/texlive/2023/texmf-dist/tex/generic/babel/txtbabel.def)
\bbl@readstream=\read2
\bbl@dirlevel=\count198
 (/usr/local/texlive/2023/texmf-dist/tex/generic/babel-russian/russianb.ldf
File: russianb.ldf 2021/01/10 1.3m Russian support for the Babel system
Language: russian 2020/09/09 1.3k Russian support for the Babel system
Package babel Info: Making " an active character on input line 124.
Package babel Info: Default for \cyrdash is provided on input line 163.
)) (/usr/local/texlive/2023/texmf-dist/tex/generic/babel/locale/ru/babel-russian.tex
Package babel Info: Importing font and identification data for russian
(babel)             from babel-ru.ini. Reported on input line 11.
) (/usr/local/texlive/2023/texmf-dist/tex/latex/hyperref/hyperref.sty
Package: hyperref 2023-02-07 v7.00v Hypertext links for LaTeX
 (/usr/local/texlive/2023/texmf-dist/tex/generic/ltxcmds/ltxcmds.sty
Package: ltxcmds 2020-05-10 v1.25 LaTeX kernel commands for general use (HO)
) (/usr/local/texlive/2023/texmf-dist/tex/generic/pdftexcmds/pdftexcmds.sty
Package: pdftexcmds 2020-06-27 v0.33 Utility functions of pdfTeX for LuaTeX (HO)
 (/usr/local/texlive/2023/texmf-dist/tex/generic/infwarerr/infwarerr.sty
Package: infwarerr 2019/12/03 v1.5 Providing info/warning/error messages (HO)
)
Package pdftexcmds Info: \pdf@primitive is available.
Package pdftexcmds Info: \pdf@ifprimitive is available.
Package pdftexcmds Info: \pdfdraftmode found.
) (/usr/local/texlive/2023/texmf-dist/tex/latex/kvsetkeys/kvsetkeys.sty
Package: kvsetkeys 2022-10-05 v1.19 Key value parser (HO)
) (/usr/local/texlive/2023/texmf-dist/tex/generic/kvdefinekeys/kvdefinekeys.sty
Package: kvdefinekeys 2019-12-19 v1.6 Define keys (HO)
) (/usr/local/texlive/2023/texmf-dist/tex/generic/pdfescape/pdfescape.sty
Package: pdfescape 2019/12/09 v1.15 Implements pdfTeX's escape features (HO)
) (/usr/local/texlive/2023/texmf-dist/tex/latex/hycolor/hycolor.sty
Package: hycolor 2020-01-27 v1.10 Color options for hyperref/bookmark (HO)
) (/usr/local/texlive/2023/texmf-dist/tex/latex/letltxmacro/letltxmacro.sty
Package: letltxmacro 2019/12/03 v1.6 Let assignment for LaTeX macros (HO)
) (/usr/local/texlive/2023/texmf-dist/tex/latex/auxhook/auxhook.sty
Package: auxhook 2019-12-17 v1.6 Hooks for auxiliary files (HO)
) (/usr/local/texlive/2023/texmf-dist/tex/latex/hyperref/nameref.sty
Package: nameref 2022-05-17 v2.50 Cross-referencing by name of section
 (/usr/local/texlive/2023/texmf-dist/tex/latex/refcount/refcount.sty
Package: refcount 2019/12/15 v3.6 Data extraction from label references (HO)
) (/usr/local/texlive/2023/texmf-dist/tex/generic/gettitlestring/gettitlestring.sty
Package: gettitlestring 2019/12/15 v1.6 Cleanup title references (HO)
 (/usr/local/texlive/2023/texmf-dist/tex/latex/kvoptions/kvoptions.sty
Package: kvoptions 2022-06-15 v3.15 Key value format for package options (HO)
))
\c@section@level=\count199
)
\@linkdim=\dimen151
\Hy@linkcounter=\count266
\Hy@pagecounter=\count267
 (/usr/local/texlive/2023/texmf-dist/tex/latex/hyperref/pd1enc.def
File: pd1enc.def 2023-02-07 v7.00v Hyperref: PDFDocEncoding definition (HO)
Now handling font encoding PD1 ...
... no UTF-8 mapping file for font encoding PD1
) (/usr/local/texlive/2023/texmf-dist/tex/generic/intcalc/intcalc.sty
Package: intcalc 2019/12/15 v1.3 Expandable calculations with integers (HO)
) (/usr/local/texlive/2023/texmf-dist/tex/generic/etexcmds/etexcmds.sty
Package: etexcmds 2019/12/15 v1.7 Avoid name clashes with e-TeX commands (HO)
)
\Hy@SavedSpaceFactor=\count268
 (/usr/local/texlive/2023/texmf-dist/tex/latex/hyperref/puenc.def
File: puenc.def 2023-02-07 v7.00v Hyperref: PDF Unicode definition (HO)
Now handling font encoding PU ...
... no UTF-8 mapping file for font encoding PU
)
Package hyperref Info: Option `unicode' set `true' on input line 3164.
Package hyperref Info: Option `unicode' set `true' on input line 4060.
Package hyperref Info: Hyper figures OFF on input line 4177.
Package hyperref Info: Link nesting OFF on input line 4182.
Package hyperref Info: Hyper index ON on input line 4185.
Package hyperref Info: Plain pages OFF on input line 4192.
Package hyperref Info: Backreferencing OFF on input line 4197.
Package hyperref Info: Implicit mode ON; LaTeX internals redefined.
Package hyperref Info: Bookmarks ON on input line 4425.
\c@Hy@tempcnt=\count269
 (/usr/local/texlive/2023/texmf-dist/tex/latex/url/url.sty
\Urlmuskip=\muskip16
Package: url 2013/09/16  ver 3.4  Verb mode for urls, etc.
)
LaTeX Info: Redefining \url on input line 4763.
\XeTeXLinkMargin=\dimen152
 (/usr/local/texlive/2023/texmf-dist/tex/generic/bitset/bitset.sty
Package: bitset 2019/12/09 v1.3 Handle bit-vector datatype (HO)
 (/usr/local/texlive/2023/texmf-dist/tex/generic/bigintcalc/bigintcalc.sty
Package: bigintcalc 2019/12/15 v1.5 Expandable calculations on big integers (HO)
))
\Fld@menulength=\count270
\Field@Width=\dimen153
\Fld@charsize=\dimen154
Package hyperref Info: Hyper figures OFF on input line 6042.
Package hyperref Info: Link nesting OFF on input line 6047.
Package hyperref Info: Hyper index ON on input line 6050.
Package hyperref Info: backreferencing OFF on input line 6057.
Package hyperref Info: Link coloring OFF on input line 6062.
Package hyperref Info: Link coloring with OCG OFF on input line 6067.
Package hyperref Info: PDF/A mode OFF on input line 6072.
 (/usr/local/texlive/2023/texmf-dist/tex/latex/base/atbegshi-ltx.sty
Package: atbegshi-ltx 2021/01/10 v1.0c Emulation of the original atbegshi
package with kernel methods
)
\Hy@abspage=\count271
\c@Item=\count272
\c@Hfootnote=\count273
)
Package hyperref Info: Driver: hpdftex.
 (/usr/local/texlive/2023/texmf-dist/tex/latex/hyperref/hpdftex.def
File: hpdftex.def 2023-02-07 v7.00v Hyperref driver for pdfTeX
 (/usr/local/texlive/2023/texmf-dist/tex/latex/base/atveryend-ltx.sty
Package: atveryend-ltx 2020/08/19 v1.0a Emulation of the original atveryend package
with kernel methods
)
\Fld@listcount=\count274
\c@bookmark@seq@number=\count275
 (/usr/local/texlive/2023/texmf-dist/tex/latex/rerunfilecheck/rerunfilecheck.sty
Package: rerunfilecheck 2022-07-10 v1.10 Rerun checks for auxiliary files (HO)
 (/usr/local/texlive/2023/texmf-dist/tex/generic/uniquecounter/uniquecounter.sty
Package: uniquecounter 2019/12/15 v1.4 Provide unlimited unique counter (HO)
)
Package uniquecounter Info: New unique counter `rerunfilecheck' on input line 285.
)
\Hy@SectionHShift=\skip50
) (/usr/local/texlive/2023/texmf-dist/tex/latex/pdfpages/pdfpages.sty
Package: pdfpages 2022/12/19 v0.5x Insert pages of external PDF documents (AM)
 (/usr/local/texlive/2023/texmf-dist/tex/latex/base/ifthen.sty
Package: ifthen 2022/04/13 v1.1d Standard LaTeX ifthen package (DPC)
) (/usr/local/texlive/2023/texmf-dist/tex/latex/tools/calc.sty
Package: calc 2017/05/25 v4.3 Infix arithmetic (KKT,FJ)
\calc@Acount=\count276
\calc@Bcount=\count277
\calc@Adimen=\dimen155
\calc@Bdimen=\dimen156
\calc@Askip=\skip51
\calc@Bskip=\skip52
LaTeX Info: Redefining \setlength on input line 80.
LaTeX Info: Redefining \addtolength on input line 81.
\calc@Ccount=\count278
\calc@Cskip=\skip53
) (/usr/local/texlive/2023/texmf-dist/tex/latex/eso-pic/eso-pic.sty
Package: eso-pic 2020/10/14 v3.0a eso-pic (RN)
\ESO@tempdima=\dimen157
\ESO@tempdimb=\dimen158
 (/usr/local/texlive/2023/texmf-dist/tex/latex/xcolor/xcolor.sty
Package: xcolor 2022/06/12 v2.14 LaTeX color extensions (UK)
 (/usr/local/texlive/2023/texmf-dist/tex/latex/graphics-cfg/color.cfg
File: color.cfg 2016/01/02 v1.6 sample color configuration
)
Package xcolor Info: Driver file: pdftex.def on input line 227.
 (/usr/local/texlive/2023/texmf-dist/tex/latex/graphics-def/pdftex.def
File: pdftex.def 2022/09/22 v1.2b Graphics/color driver for pdftex
) (/usr/local/texlive/2023/texmf-dist/tex/latex/graphics/mathcolor.ltx)
Package xcolor Info: Model `cmy' substituted by `cmy0' on input line 1353.
Package xcolor Info: Model `hsb' substituted by `rgb' on input line 1357.
Package xcolor Info: Model `RGB' extended on input line 1369.
Package xcolor Info: Model `HTML' substituted by `rgb' on input line 1371.
Package xcolor Info: Model `Hsb' substituted by `hsb' on input line 1372.
Package xcolor Info: Model `tHsb' substituted by `hsb' on input line 1373.
Package xcolor Info: Model `HSB' substituted by `hsb' on input line 1374.
Package xcolor Info: Model `Gray' substituted by `gray' on input line 1375.
Package xcolor Info: Model `wave' substituted by `hsb' on input line 1376.
)) (/usr/local/texlive/2023/texmf-dist/tex/latex/graphics/graphicx.sty
Package: graphicx 2021/09/16 v1.2d Enhanced LaTeX Graphics (DPC,SPQR)
 (/usr/local/texlive/2023/texmf-dist/tex/latex/graphics/graphics.sty
Package: graphics 2022/03/10 v1.4e Standard LaTeX Graphics (DPC,SPQR)
 (/usr/local/texlive/2023/texmf-dist/tex/latex/graphics/trig.sty
Package: trig 2021/08/11 v1.11 sin cos tan (DPC)
) (/usr/local/texlive/2023/texmf-dist/tex/latex/graphics-cfg/graphics.cfg
File: graphics.cfg 2016/06/04 v1.11 sample graphics configuration
)
Package graphics Info: Driver file: pdftex.def on input line 107.
)
\Gin@req@height=\dimen159
\Gin@req@width=\dimen160
)
\AM@pagewidth=\dimen161
\AM@pageheight=\dimen162
\AM@fboxrule=\dimen163
 (/usr/local/texlive/2023/texmf-dist/tex/latex/pdfpages/pppdftex.def
File: pppdftex.def 2022/12/19 v0.5x Pdfpages driver for pdfTeX (AM)
)
\pdfpages@includegraphics@status=\count279
\AM@pagebox=\box51
\AM@global@opts=\toks20
\AM@pagecnt=\count280
\AM@toc@title=\toks21
\AM@lof@heading=\toks22
\c@AM@survey=\count281
\AM@templatesizebox=\box52
) (/usr/local/texlive/2023/texmf-dist/tex/latex/tocbibind/tocbibind.sty
Package: tocbibind 2010/10/13 v1.5k extra ToC listings
Package tocbibind Info: The document has chapter divisions on input line 50.


Package tocbibind Note: Using chapter style headings, unless overridden.

) (/usr/local/texlive/2023/texmf-dist/tex/latex/setspace/setspace.sty
Package: setspace 2022/12/04 v6.7b set line spacing
) (/usr/local/texlive/2023/texmf-dist/tex/latex/cite/cite.sty
LaTeX Info: Redefining \cite on input line 302.
LaTeX Info: Redefining \nocite on input line 332.
Package: cite 2015/02/27  v 5.5
) (/usr/local/texlive/2023/texmf-dist/tex/latex/tools/indentfirst.sty
Package: indentfirst 1995/11/23 v1.03 Indent first paragraph (DPC)
) (/usr/local/texlive/2023/texmf-dist/tex/latex/tools/enumerate.sty
Package: enumerate 2015/07/23 v3.00 enumerate extensions (DPC)
\@enLab=\toks23
) (/usr/local/texlive/2023/texmf-dist/tex/latex/tools/longtable.sty
Package: longtable 2021-09-01 v4.17 Multi-page Table package (DPC)
\LTleft=\skip54
\LTright=\skip55
\LTpre=\skip56
\LTpost=\skip57
\LTchunksize=\count282
\LTcapwidth=\dimen164
\LT@head=\box53
\LT@firsthead=\box54
\LT@foot=\box55
\LT@lastfoot=\box56
\LT@gbox=\box57
\LT@cols=\count283
\LT@rows=\count284
\c@LT@tables=\count285
\c@LT@chunks=\count286
\LT@p@ftn=\toks24
) (/usr/local/texlive/2023/texmf-dist/tex/latex/multirow/multirow.sty
Package: multirow 2021/03/15 v2.8 Span multiple rows of a table
\multirow@colwidth=\skip58
\multirow@cntb=\count287
\multirow@dima=\skip59
\bigstrutjot=\dimen165
) (/usr/local/texlive/2023/texmf-dist/tex/latex/makecell/makecell.sty
Package: makecell 2009/08/03 V0.1e Managing of Tab Column Heads and Cells
 (/usr/local/texlive/2023/texmf-dist/tex/latex/tools/array.sty
Package: array 2022/09/04 v2.5g Tabular extension package (FMi)
\col@sep=\dimen166
\ar@mcellbox=\box58
\extrarowheight=\dimen167
\NC@list=\toks25
\extratabsurround=\skip60
\backup@length=\skip61
\ar@cellbox=\box59
)
\rotheadsize=\dimen168
\c@nlinenum=\count288
\TeXr@lab=\toks26
) (/usr/local/texlive/2023/texmf-dist/tex/latex/float/float.sty
Package: float 2001/11/08 v1.3d Float enhancements (AL)
\c@float@type=\count289
\float@exts=\toks27
\float@box=\box60
\@float@everytoks=\toks28
\@floatcapt=\box61
) (/usr/local/texlive/2023/texmf-dist/tex/latex/pdflscape/pdflscape.sty
Package: pdflscape 2022-10-27 v0.13 Display of landscape pages in PDF
 (/usr/local/texlive/2023/texmf-dist/tex/latex/pdflscape/pdflscape-nometadata.sty
Package: pdflscape-nometadata 2022-10-28 v0.13 Display of landscape pages in PDF (HO)
 (/usr/local/texlive/2023/texmf-dist/tex/latex/graphics/lscape.sty
Package: lscape 2020/05/28 v3.02 Landscape Pages (DPC)
)
Package pdflscape Info: Auto-detected driver: pdftex on input line 81.
)) (/usr/local/texlive/2023/texmf-dist/tex/latex/fancyvrb/fancyvrb.sty
Package: fancyvrb 2023/01/19 4.5a verbatim text (tvz,hv)
\FV@CodeLineNo=\count290
\FV@InFile=\read3
\FV@TabBox=\box62
\c@FancyVerbLine=\count291
\FV@StepNumber=\count292
\FV@OutFile=\write3
) (/usr/local/texlive/2023/texmf-dist/tex/latex/amsfonts/amssymb.sty
Package: amssymb 2013/01/14 v3.01 AMS font symbols
 (/usr/local/texlive/2023/texmf-dist/tex/latex/amsfonts/amsfonts.sty
Package: amsfonts 2013/01/14 v3.01 Basic AMSFonts support
\@emptytoks=\toks29
\symAMSa=\mathgroup4
\symAMSb=\mathgroup5
LaTeX Font Info:    Redeclaring math symbol \hbar on input line 98.
LaTeX Font Info:    Overwriting math alphabet `\mathfrak' in version `bold'
(Font)                  U/euf/m/n --> U/euf/b/n on input line 106.
)) (/usr/local/texlive/2023/texmf-dist/tex/latex/amsmath/amsmath.sty
Package: amsmath 2022/04/08 v2.17n AMS math features
\@mathmargin=\skip62

For additional information on amsmath, use the `?' option.
(/usr/local/texlive/2023/texmf-dist/tex/latex/amsmath/amstext.sty
Package: amstext 2021/08/26 v2.01 AMS text
 (/usr/local/texlive/2023/texmf-dist/tex/latex/amsmath/amsgen.sty
File: amsgen.sty 1999/11/30 v2.0 generic functions
\@emptytoks=\toks30
\ex@=\dimen169
)) (/usr/local/texlive/2023/texmf-dist/tex/latex/amsmath/amsbsy.sty
Package: amsbsy 1999/11/29 v1.2d Bold Symbols
\pmbraise@=\dimen170
) (/usr/local/texlive/2023/texmf-dist/tex/latex/amsmath/amsopn.sty
Package: amsopn 2022/04/08 v2.04 operator names
)
\inf@bad=\count293
LaTeX Info: Redefining \frac on input line 234.
\uproot@=\count294
\leftroot@=\count295
LaTeX Info: Redefining \overline on input line 399.
LaTeX Info: Redefining \colon on input line 410.
\classnum@=\count296
\DOTSCASE@=\count297
LaTeX Info: Redefining \ldots on input line 496.
LaTeX Info: Redefining \dots on input line 499.
LaTeX Info: Redefining \cdots on input line 620.
\Mathstrutbox@=\box63
\strutbox@=\box64
LaTeX Info: Redefining \big on input line 722.
LaTeX Info: Redefining \Big on input line 723.
LaTeX Info: Redefining \bigg on input line 724.
LaTeX Info: Redefining \Bigg on input line 725.
\big@size=\dimen171
LaTeX Font Info:    Redeclaring font encoding OML on input line 743.
LaTeX Font Info:    Redeclaring font encoding OMS on input line 744.
\macc@depth=\count298
LaTeX Info: Redefining \bmod on input line 905.
LaTeX Info: Redefining \pmod on input line 910.
LaTeX Info: Redefining \smash on input line 940.
LaTeX Info: Redefining \relbar on input line 970.
LaTeX Info: Redefining \Relbar on input line 971.
\c@MaxMatrixCols=\count299
\dotsspace@=\muskip17
\c@parentequation=\count300
\dspbrk@lvl=\count301
\tag@help=\toks31
\row@=\count302
\column@=\count303
\maxfields@=\count304
\andhelp@=\toks32
\eqnshift@=\dimen172
\alignsep@=\dimen173
\tagshift@=\dimen174
\tagwidth@=\dimen175
\totwidth@=\dimen176
\lineht@=\dimen177
\@envbody=\toks33
\multlinegap=\skip63
\multlinetaggap=\skip64
\mathdisplay@stack=\toks34
LaTeX Info: Redefining \[ on input line 2953.
LaTeX Info: Redefining \] on input line 2954.
) (/usr/local/texlive/2023/texmf-dist/tex/latex/base/latexsym.sty
Package: latexsym 1998/08/17 v2.2e Standard LaTeX package (lasy symbols)
\symlasy=\mathgroup6
LaTeX Font Info:    Overwriting symbol font `lasy' in version `bold'
(Font)                  U/lasy/m/n --> U/lasy/b/n on input line 52.
) (/usr/local/texlive/2023/texmf-dist/tex/latex/t2/mathtext.sty
Package: mathtext 2018/04/14 v1.0 transparent text-and-math defs
LaTeX Info: Redefining \halign on input line 121.
) (/usr/local/texlive/2023/texmf-dist/tex/latex/amscls/amsthm.sty
Package: amsthm 2020/05/29 v2.20.6
\thm@style=\toks35
\thm@bodyfont=\toks36
\thm@headfont=\toks37
\thm@notefont=\toks38
\thm@headpunct=\toks39
\thm@preskip=\skip65
\thm@postskip=\skip66
\thm@headsep=\skip67
\dth@everypar=\toks40
)
\c@theorem=\count305
 (/usr/local/texlive/2023/texmf-dist/tex/latex/caption/caption.sty
Package: caption 2023/03/12 v3.6j Customizing captions (AR)
 (/usr/local/texlive/2023/texmf-dist/tex/latex/caption/caption3.sty
Package: caption3 2023/03/12 v2.4 caption3 kernel (AR)
\caption@tempdima=\dimen178
\captionmargin=\dimen179
\caption@leftmargin=\dimen180
\caption@rightmargin=\dimen181
\caption@width=\dimen182
\caption@indent=\dimen183
\caption@parindent=\dimen184
\caption@hangindent=\dimen185
Package caption Info: Standard document class detected.
)
\c@caption@flags=\count306
\c@continuedfloat=\count307
Package caption Info: float package is loaded.
Package caption Info: hyperref package is loaded.
Package caption Info: longtable package is loaded.
 (/usr/local/texlive/2023/texmf-dist/tex/latex/caption/ltcaption.sty
Package: ltcaption 2021/01/08 v1.4c longtable captions (AR)
)) (/usr/local/texlive/2023/texmf-dist/tex/latex/fancyhdr/fancyhdr.sty
Package: fancyhdr 2022/11/09 v4.1 Extensive control of page headers and footers
\f@nch@headwidth=\skip68
\f@nch@O@elh=\skip69
\f@nch@O@erh=\skip70
\f@nch@O@olh=\skip71
\f@nch@O@orh=\skip72
\f@nch@O@elf=\skip73
\f@nch@O@erf=\skip74
\f@nch@O@olf=\skip75
\f@nch@O@orf=\skip76
) (/usr/local/texlive/2023/texmf-dist/tex/latex/titlesec/titlesec.sty
Package: titlesec 2021/07/05 v2.14 Sectioning titles
\ttl@box=\box65
\beforetitleunit=\skip77
\aftertitleunit=\skip78
\ttl@plus=\dimen186
\ttl@minus=\dimen187
\ttl@toksa=\toks41
\titlewidth=\dimen188
\titlewidthlast=\dimen189
\titlewidthfirst=\dimen190
) (/usr/local/texlive/2023/texmf-dist/tex/latex/enumitem/enumitem.sty
Package: enumitem 2019/06/20 v3.9 Customized lists
\labelindent=\skip79
\enit@outerparindent=\dimen191
\enit@toks=\toks42
\enit@inbox=\box66
\enit@count@id=\count308
\enitdp@description=\count309
) (/usr/local/texlive/2023/texmf-dist/tex/latex/tocloft/tocloft.sty
Package: tocloft 2017/08/31 v2.3i parameterised ToC, etc., typesetting
Package tocloft Info: The document has chapter divisions on input line 51.
\cftparskip=\skip80
\cftbeforetoctitleskip=\skip81
\cftaftertoctitleskip=\skip82
\cftbeforepartskip=\skip83
\cftpartnumwidth=\skip84
\cftpartindent=\skip85
\cftbeforechapskip=\skip86
\cftchapindent=\skip87
\cftchapnumwidth=\skip88
\cftbeforesecskip=\skip89
\cftsecindent=\skip90
\cftsecnumwidth=\skip91
\cftbeforesubsecskip=\skip92
\cftsubsecindent=\skip93
\cftsubsecnumwidth=\skip94
\cftbeforesubsubsecskip=\skip95
\cftsubsubsecindent=\skip96
\cftsubsubsecnumwidth=\skip97
\cftbeforeparaskip=\skip98
\cftparaindent=\skip99
\cftparanumwidth=\skip100
\cftbeforesubparaskip=\skip101
\cftsubparaindent=\skip102
\cftsubparanumwidth=\skip103
\cftbeforeloftitleskip=\skip104
\cftafterloftitleskip=\skip105
\cftbeforefigskip=\skip106
\cftfigindent=\skip107
\cftfignumwidth=\skip108
\c@lofdepth=\count310
\c@lotdepth=\count311
\cftbeforelottitleskip=\skip109
\cftafterlottitleskip=\skip110
\cftbeforetabskip=\skip111
\cfttabindent=\skip112
\cfttabnumwidth=\skip113
)) (/usr/local/texlive/2023/texmf-dist/tex/latex/l3backend/l3backend-pdftex.def
File: l3backend-pdftex.def 2023-01-16 L3 backend support: PDF output (pdfTeX)
\l__color_backend_stack_int=\count312
\l__pdf_internal_box=\box67
) (./main.aux

LaTeX Warning: Label `comment-table' multiply defined.

)
\openout1 = `main.aux'.

LaTeX Font Info:    Checking defaults for OML/cmm/m/it on input line 8.
LaTeX Font Info:    ... okay on input line 8.
LaTeX Font Info:    Checking defaults for OMS/cmsy/m/n on input line 8.
LaTeX Font Info:    ... okay on input line 8.
LaTeX Font Info:    Checking defaults for OT1/cmr/m/n on input line 8.
LaTeX Font Info:    ... okay on input line 8.
LaTeX Font Info:    Checking defaults for T1/cmr/m/n on input line 8.
LaTeX Font Info:    ... okay on input line 8.
LaTeX Font Info:    Checking defaults for TS1/cmr/m/n on input line 8.
LaTeX Font Info:    ... okay on input line 8.
LaTeX Font Info:    Checking defaults for OMX/cmex/m/n on input line 8.
LaTeX Font Info:    ... okay on input line 8.
LaTeX Font Info:    Checking defaults for U/cmr/m/n on input line 8.
LaTeX Font Info:    ... okay on input line 8.
LaTeX Font Info:    Checking defaults for T2A/cmr/m/n on input line 8.
LaTeX Font Info:    ... okay on input line 8.
LaTeX Font Info:    Checking defaults for PD1/pdf/m/n on input line 8.
LaTeX Font Info:    ... okay on input line 8.
LaTeX Font Info:    Checking defaults for PU/pdf/m/n on input line 8.
LaTeX Font Info:    ... okay on input line 8.

*geometry* driver: auto-detecting
*geometry* detected driver: pdftex
*geometry* verbose mode - [ preamble ] result:
* driver: pdftex
* paper: a4paper
* layout: <same size as paper>
* layoutoffset:(h,v)=(0.0pt,0.0pt)
* modes: includehead includefoot 
* h-part:(L,W,R)=(71.13188pt, 483.69687pt, 42.67912pt)
* v-part:(T,H,B)=(56.9055pt, 731.23584pt, 56.9055pt)
* \paperwidth=597.50787pt
* \paperheight=845.04684pt
* \textwidth=483.69687pt
* \textheight=701.23584pt
* \oddsidemargin=-1.1381pt
* \evensidemargin=-1.1381pt
* \topmargin=-15.36449pt
* \headheight=0.0pt
* \headsep=0.0pt
* \topskip=14.0pt
* \footskip=30.0pt
* \marginparwidth=24.0pt
* \marginparsep=10.0pt
* \columnsep=10.0pt
* \skip\footins=12.0pt plus 4.0pt minus 2.0pt
* \hoffset=0.0pt
* \voffset=0.0pt
* \mag=1000
* \@twocolumnfalse
* \@twosidefalse
* \@mparswitchfalse
* \@reversemarginfalse
* (1in=72.27pt=25.4mm, 1cm=28.453pt)

LaTeX Info: Redefining \th on input line 8.
Package hyperref Info: Link coloring OFF on input line 8.
(./main.out) (./main.out)
\@outlinefile=\write4
\openout4 = `main.out'.

 (/usr/local/texlive/2023/texmf-dist/tex/context/base/mkii/supp-pdf.mkii
[Loading MPS to PDF converter (version 2006.09.02).]
\scratchcounter=\count313
\scratchdimen=\dimen192
\scratchbox=\box68
\nofMPsegments=\count314
\nofMParguments=\count315
\everyMPshowfont=\toks43
\MPscratchCnt=\count316
\MPscratchDim=\dimen193
\MPnumerator=\count317
\makeMPintoPDFobject=\count318
\everyMPtoPDFconversion=\toks44
) (/usr/local/texlive/2023/texmf-dist/tex/latex/epstopdf-pkg/epstopdf-base.sty
Package: epstopdf-base 2020-01-24 v2.11 Base part for package epstopdf
Package epstopdf-base Info: Redefining graphics rule for `.eps' on input line 485.
 (/usr/local/texlive/2023/texmf-dist/tex/latex/latexconfig/epstopdf-sys.cfg
File: epstopdf-sys.cfg 2010/07/13 v1.3 Configuration of (r)epstopdf for TeX Live
))
Package caption Info: Begin \AtBeginDocument code.
Package caption Info: End \AtBeginDocument code.
<titulCourse.pdf, id=88, 597.23125pt x 845.1575pt>
File: titulCourse.pdf Graphic file (type pdf)
<use titulCourse.pdf>
Package pdftex.def Info: titulCourse.pdf  used on input line 10.
(pdftex.def)             Requested size: 597.22978pt x 845.15544pt.
File: titulCourse.pdf Graphic file (type pdf)
<use titulCourse.pdf>
Package pdftex.def Info: titulCourse.pdf  used on input line 10.
(pdftex.def)             Requested size: 597.22978pt x 845.15544pt.
<titulCourse.pdf, id=91, page=1, 597.23125pt x 845.1575pt>
File: titulCourse.pdf Graphic file (type pdf)
<use titulCourse.pdf, page 1>
Package pdftex.def Info: titulCourse.pdf , page1 used on input line 10.
(pdftex.def)             Requested size: 597.22978pt x 845.15544pt.
File: titulCourse.pdf Graphic file (type pdf)
<use titulCourse.pdf, page 1>
Package pdftex.def Info: titulCourse.pdf , page1 used on input line 10.
(pdftex.def)             Requested size: 597.25711pt x 845.19412pt.
File: titulCourse.pdf Graphic file (type pdf)
<use titulCourse.pdf, page 1>
Package pdftex.def Info: titulCourse.pdf , page1 used on input line 10.
(pdftex.def)             Requested size: 597.25711pt x 845.19412pt.
File: titulCourse.pdf Graphic file (type pdf)
<use titulCourse.pdf, page 1>
Package pdftex.def Info: titulCourse.pdf , page1 used on input line 10.
(pdftex.def)             Requested size: 597.25711pt x 845.19412pt.
File: titulCourse.pdf Graphic file (type pdf)
<use titulCourse.pdf, page 1>
Package pdftex.def Info: titulCourse.pdf , page1 used on input line 10.
(pdftex.def)             Requested size: 597.25711pt x 845.19412pt.
 [1

 <./titulCourse.pdf>] (./main.toc
LaTeX Font Info:    Trying to load font information for U+msa on input line 3.
 (/usr/local/texlive/2023/texmf-dist/tex/latex/amsfonts/umsa.fd
File: umsa.fd 2013/01/14 v3.01 AMS symbols A
)
LaTeX Font Info:    Trying to load font information for U+msb on input line 3.
 (/usr/local/texlive/2023/texmf-dist/tex/latex/amsfonts/umsb.fd
File: umsb.fd 2013/01/14 v3.01 AMS symbols B
)
LaTeX Font Info:    Trying to load font information for U+lasy on input line 3.
 (/usr/local/texlive/2023/texmf-dist/tex/latex/base/ulasy.fd
File: ulasy.fd 1998/08/17 v2.2e LaTeX symbol font definitions
))
\tf@toc=\write5
\openout5 = `main.toc'.

 [2{/usr/local/texlive/2023/texmf-var/fonts/map/pdftex/updmap/pdftex.map}{/usr/local/texlive/2023/texmf-dist/fonts/enc/dvips/cm-super/cm-super-t2a.enc}] [3

] [4]
{\cyrillictext \CYRG \cyrl \cyra \cyrv \cyra } 1.
[5

]

LaTeX Warning: No positions in optional float specifier.
               Default added (so using `tbp') on input line 71.


Underfull \hbox (badness 2401) in paragraph at lines 87--87
\T2A/cmr/m/n/14.4 вре-ме-ни при-ј-ма с при-ме-
 []


Underfull \hbox (badness 3417) in paragraph at lines 87--87
[]|\T2A/cmr/m/n/14.4 Бесплатное до-суп-
 []


Underfull \hbox (badness 3965) in paragraph at lines 87--87
\T2A/cmr/m/n/14.4 ка-сто-ми-за-ция уве-
 []


Underfull \hbox (badness 1132) in paragraph at lines 87--87
\T2A/cmr/m/n/14.4 дом-ле-ний и внеш-
 []


Underfull \hbox (badness 2689) in paragraph at lines 87--87
\T2A/cmr/m/n/14.4 свие ре-кла-мы до-
 []


Underfull \hbox (badness 2401) in paragraph at lines 87--87
\T2A/cmr/m/n/14.4 чле-нов се-мьи и со-
 []


Underfull \hbox (badness 1014) in paragraph at lines 87--87
\T2A/cmr/m/n/14.4 зда-ние от-чјт-но-сти о
 []


Underfull \hbox (badness 1527) in paragraph at lines 87--87
\T2A/cmr/m/n/14.4 ле-че-нии. При-сут-свие
 []


Underfull \hbox (badness 1406) in paragraph at lines 87--87
[]|\T2A/cmr/m/n/14.4 Бесплатное при-ло-
 []


Underfull \hbox (badness 1546) in paragraph at lines 87--87
[]|\T2A/cmr/m/n/14.4 Существование жур-
 []


Underfull \hbox (badness 10000) in paragraph at lines 87--87
\T2A/cmr/m/n/14.4 и под-твер-ждјн-ных
 []


Underfull \hbox (badness 10000) in paragraph at lines 87--87
\T2A/cmr/m/n/14.4 при-ј-мов ле-карств.
 []


Underfull \hbox (badness 10000) in paragraph at lines 87--87
\T2A/cmr/m/n/14.4 ше-го-ся ко-лич-сетва
 []


Underfull \hbox (badness 10000) in paragraph at lines 87--87
\T2A/cmr/m/n/14.4 ле-карств. Под-держ-
 []


Underfull \hbox (badness 6380) in paragraph at lines 87--87
\T2A/cmr/m/n/14.4 ка схем до-зи-ро-вок.
 []


Underfull \hbox (badness 10000) in paragraph at lines 87--87
\T2A/cmr/m/n/14.4 Вы-бор из-ме-ре-ний
 []


Underfull \hbox (badness 2913) in paragraph at lines 87--87
\T2A/cmr/m/n/14.4 Се-мей-ный до-ступ к
 []


Underfull \hbox (badness 10000) in paragraph at lines 87--87
[]|\T2A/cmr/m/n/14.4 Обязует сле-дить
 []


Underfull \hbox (badness 10000) in paragraph at lines 87--87
\T2A/cmr/m/n/14.4 вы-бор вре-ме-нит
 []


LaTeX Warning: No positions in optional float specifier.
               Default added (so using `tbp') on input line 92.


Underfull \hbox (badness 1264) in paragraph at lines 108--108
\T2A/cmr/m/n/14.4 по-ми-на-ю-щее о при-ј-ме ле-
 []


Underfull \hbox (badness 2818) in paragraph at lines 108--108
\T2A/cmr/m/n/14.4 карств. Так же име-ю-щие
 []


Underfull \hbox (badness 10000) in paragraph at lines 108--108
[]|\T2A/cmr/m/n/14.4 Бесплатно до-
 []


Underfull \hbox (badness 4266) in paragraph at lines 108--108
\T2A/cmr/m/n/14.4 ступ-но 10 кур-сов
 []


Underfull \hbox (badness 4266) in paragraph at lines 108--108
\T2A/cmr/m/n/14.4 при-ј-мов ле-карств.
 []


Underfull \hbox (badness 3281) in paragraph at lines 108--108
\T2A/cmr/m/n/14.4 в ме-сяц до-ступ-но
 []


Underfull \hbox (badness 10000) in paragraph at lines 108--108
\T2A/cmr/m/n/14.4 неогра-ни-чен-ное
 []


Underfull \hbox (badness 2689) in paragraph at lines 108--108
\T2A/cmr/m/n/14.4 ко-ли-че-ство кур-сов
 []


Underfull \hbox (badness 1014) in paragraph at lines 108--108
[]|\T2A/cmr/m/n/14.4 Гибкая си-сте-ма уве-
 []


Underfull \hbox (badness 3158) in paragraph at lines 108--108
[]|\T2A/cmr/m/n/14.4 Отсутсвие се-мейн-
 []


Underfull \hbox (badness 10000) in paragraph at lines 108--108
\T2A/cmr/m/n/14.4 но-го до-сту-па и
 []


Underfull \hbox (badness 10000) in paragraph at lines 108--108
\T2A/cmr/m/n/14.4 учј-та про-пу-щен-
 []


Underfull \hbox (badness 1715) in paragraph at lines 108--108
\T2A/cmr/m/n/14.4 ^^Pпри-нять^^Q и ^^Pот-ло-жить^^Q в
 []


Underfull \hbox (badness 2469) in paragraph at lines 108--108
[]|\T2A/cmr/m/n/14.4 Бесплатно до-ступ-
 []


Underfull \hbox (badness 8094) in paragraph at lines 108--108
\T2A/cmr/m/n/14.4 По под-пис-ке 329
 []


Underfull \hbox (badness 1552) in paragraph at lines 108--108
\T2A/cmr/m/n/14.4 руб-лей раз в три
 []


Underfull \hbox (badness 1888) in paragraph at lines 108--108
\T2A/cmr/m/n/14.4 ступ-ны все функ-
 []


Underfull \hbox (badness 4479) in paragraph at lines 108--108
\T2A/cmr/m/n/14.4 ступ к при-ј-му ле-
 []


Underfull \hbox (badness 1552) in paragraph at lines 108--108
\T2A/cmr/m/n/14.4 от-ло-жить при-јм ле-
 []


Underfull \hbox (badness 1072) in paragraph at lines 108--108
\T2A/cmr/m/n/14.4 кар-ства при по-яв-ле-
 []


Underfull \hbox (badness 10000) in paragraph at lines 108--108
[]|\T2A/cmr/m/n/14.4 В срав-не-ние с
 []


Underfull \hbox (badness 3148) in paragraph at lines 108--108
\T2A/cmr/m/n/14.4 дру-ги-ми при-ло-же-
 []


Underfull \hbox (badness 2799) in paragraph at lines 108--108
\T2A/cmr/m/n/14.4 ни-я-ми не пол-ный
 []


Underfull \hbox (badness 5607) in paragraph at lines 108--108
\T2A/cmr/m/n/14.4 спи-сок ти-пов до-
 []


Underfull \hbox (badness 10000) in paragraph at lines 108--108
\T2A/cmr/m/n/14.4 зи-ро-вок. Так-же
 []


Underfull \hbox (badness 10000) in paragraph at lines 108--108
\T2A/cmr/m/n/14.4 от-сут-свие воз-
 []


Underfull \hbox (badness 7186) in paragraph at lines 108--108
\T2A/cmr/m/n/14.4 мож-но-сти со-здать
 []


Underfull \hbox (badness 10000) in paragraph at lines 108--108
\T2A/cmr/m/n/14.4 соб-ствен-ное при-
 []


Underfull \hbox (badness 1132) in paragraph at lines 108--108
\T2A/cmr/m/n/14.4 ме-ча-ние к при-ј-му
 []


Underfull \hbox (badness 2158) in paragraph at lines 108--108
[]|\T2A/cmr/m/n/14.4 Мобильное для на-по-ми-на-
 []


Underfull \hbox (badness 1635) in paragraph at lines 108--108
\T2A/cmr/m/n/14.4 ний о при-ј-ме ле-карств и
 []


Underfull \hbox (badness 3407) in paragraph at lines 108--108
\T2A/cmr/m/n/14.4 кий вы-бор пе-ри-о-дич-но-сти
 []


Underfull \hbox (badness 10000) in paragraph at lines 108--108
[]|\T2A/cmr/m/n/14.4 Бесплатное до-
 []


Underfull \hbox (badness 10000) in paragraph at lines 108--108
\T2A/cmr/m/n/14.4 бав-ле-ние кур-са
 []


Underfull \hbox (badness 3386) in paragraph at lines 108--108
\T2A/cmr/m/n/14.4 ле-карств, без. По
 []


Underfull \hbox (badness 2689) in paragraph at lines 108--108
\T2A/cmr/m/n/14.4 дут до-ступ-ны все
 []


Underfull \hbox (badness 10000) in paragraph at lines 108--108
\T2A/cmr/m/n/14.4 ме-ча-ний свя-зан-ных
 []


Underfull \hbox (badness 10000) in paragraph at lines 108--108
\T2A/cmr/m/n/14.4 с едой. Се-мей-ный
 []


Underfull \hbox (badness 10000) in paragraph at lines 108--108
\T2A/cmr/m/n/14.4 со-здать рас-пи-са-ние
 []


Underfull \hbox (badness 10000) in paragraph at lines 108--108
[]|\T2A/cmr/m/n/14.4 Неудобная си-сте-
 []


Underfull \hbox (badness 10000) in paragraph at lines 108--108
\T2A/cmr/m/n/14.4 ма уве-дом-ле-ний.
 []


Underfull \hbox (badness 10000) in paragraph at lines 108--108
\T2A/cmr/m/n/14.4 Ко-рот-кий спи-сок
 []

[6] [7]
{\cyrillictext \CYRG \cyrl \cyra \cyrv \cyra } 2.

Underfull \hbox (badness 1199) in paragraph at lines 117--123
[]\T2A/cmr/m/n/14.4 В про-цес-се ана-ли-за тре-бо-ва-ний к веб-приложению для со-став-ле-ния
 []


Underfull \hbox (badness 10000) in paragraph at lines 117--123

 []

[8



]
Underfull \hbox (badness 10000) in paragraph at lines 163--168

 []

[9] [10]
{\cyrillictext \CYRG \cyrl \cyra \cyrv \cyra } 3.
[11

]
<pics/UML/Patient.png, id=229, 623.32875pt x 393.47pt>
File: pics/UML/Patient.png Graphic file (type png)
<use pics/UML/Patient.png>
Package pdftex.def Info: pics/UML/Patient.png  used on input line 233.
(pdftex.def)             Requested size: 623.32722pt x 393.46902pt.
 [12 <./pics/UML/Patient.png>]
<pics/UML/Doctor.png, id=240, 683.55376pt x 502.87875pt>
File: pics/UML/Doctor.png Graphic file (type png)
<use pics/UML/Doctor.png>
Package pdftex.def Info: pics/UML/Doctor.png  used on input line 265.
(pdftex.def)             Requested size: 683.5521pt x 502.87752pt.
 [13 <./pics/UML/Doctor.png>]
<pics/UML/Manager.png, id=252, 567.11874pt x 412.54124pt>
File: pics/UML/Manager.png Graphic file (type png)
<use pics/UML/Manager.png>
Package pdftex.def Info: pics/UML/Manager.png  used on input line 296.
(pdftex.def)             Requested size: 567.11736pt x 412.54024pt.
 [14] [15 <./pics/UML/Manager.png>]
{\cyrillictext \CYRG \cyrl \cyra \cyrv \cyra } 4.

Underfull \hbox (badness 10000) in paragraph at lines 359--359
[]|\T2A/cmr/m/n/14.4 Название ат-ри-
 []


Underfull \hbox (badness 10000) in paragraph at lines 359--359
[]|\T2A/cmr/m/n/14.4 Уникальный
 []


Underfull \hbox (badness 10000) in paragraph at lines 359--359
\T2A/cmr/m/n/14.4 иден-ти-фи-ка-
 []

[16

] [17]
Underfull \hbox (badness 10000) in paragraph at lines 393--393
[]|\T2A/cmr/m/n/14.4 Название ат-ри-
 []


Underfull \hbox (badness 10000) in paragraph at lines 393--393
[]|\T2A/cmr/m/n/14.4 Уникальный
 []


Underfull \hbox (badness 10000) in paragraph at lines 393--393
\T2A/cmr/m/n/14.4 иден-ти-фи-ка-
 []


Underfull \hbox (badness 10000) in paragraph at lines 377--394

 []


Underfull \hbox (badness 10000) in paragraph at lines 411--413

 []


Underfull \hbox (badness 10000) in paragraph at lines 451--451
[]|\T2A/cmr/m/n/14.4 Название ат-ри-
 []


Underfull \hbox (badness 10000) in paragraph at lines 451--451
[]|\T2A/cmr/m/n/14.4 Уникальный
 []


Underfull \hbox (badness 10000) in paragraph at lines 451--451
\T2A/cmr/m/n/14.4 иден-ти-фи-ка-
 []

[18]
Underfull \hbox (badness 10000) in paragraph at lines 480--480
[]|\T2A/cmr/m/n/14.4 Название ат-ри-
 []


Underfull \hbox (badness 10000) in paragraph at lines 480--480
[]|\T2A/cmr/m/n/14.4 Уникальный
 []


Underfull \hbox (badness 10000) in paragraph at lines 480--480
\T2A/cmr/m/n/14.4 иден-ти-фи-ка-
 []

[19]
Underfull \hbox (badness 10000) in paragraph at lines 508--508
[]|\T2A/cmr/m/n/14.4 Название ат-ри-
 []


Underfull \hbox (badness 10000) in paragraph at lines 508--508
[]|\T2A/cmr/m/n/14.4 Уникальный
 []


Underfull \hbox (badness 10000) in paragraph at lines 508--508
\T2A/cmr/m/n/14.4 иден-ти-фи-ка-
 []

[20]

LaTeX Warning: Reference `pills-type-table' on page 21 undefined on input line 517.


Underfull \hbox (badness 10000) in paragraph at lines 538--538
[]|\T2A/cmr/m/n/14.4 Название ат-ри-
 []


Underfull \hbox (badness 10000) in paragraph at lines 538--538
[]|\T2A/cmr/m/n/14.4 Уникальный
 []


Underfull \hbox (badness 10000) in paragraph at lines 538--538
\T2A/cmr/m/n/14.4 иден-ти-фи-ка-
 []


Underfull \hbox (badness 10000) in paragraph at lines 560--560
[]|\T2A/cmr/m/n/14.4 Название ат-ри-
 []


Underfull \hbox (badness 10000) in paragraph at lines 560--560
[]|\T2A/cmr/m/n/14.4 Уникальный
 []


Underfull \hbox (badness 10000) in paragraph at lines 560--560
\T2A/cmr/m/n/14.4 иден-ти-фи-ка-
 []


LaTeX Warning: Citation `pg-admin' on page 21 undefined on input line 565.

[21] [22]
<pics/database/ERR-diagram.png, id=311, 1666.225pt x 982.67125pt>
File: pics/database/ERR-diagram.png Graphic file (type png)
<use pics/database/ERR-diagram.png>
Package pdftex.def Info: pics/database/ERR-diagram.png  used on input line 580.
(pdftex.def)             Requested size: 1666.22095pt x 982.66885pt.
 [23

 <./pics/database/ERR-diagram.png>]
{\cyrillictext \CYRG \cyrl \cyra \cyrv \cyra } 5.
<pics/diagrams/register.png, id=318, 313.17pt x 593.21625pt>
File: pics/diagrams/register.png Graphic file (type png)
<use pics/diagrams/register.png>
Package pdftex.def Info: pics/diagrams/register.png  used on input line 607.
(pdftex.def)             Requested size: 313.16922pt x 593.2148pt.
[24


]
<pics/diagrams/patient-list.png, id=328, 282.05376pt x 472.76625pt>
File: pics/diagrams/patient-list.png Graphic file (type png)
<use pics/diagrams/patient-list.png>
Package pdftex.def Info: pics/diagrams/patient-list.png  used on input line 625.
(pdftex.def)             Requested size: 282.05305pt x 472.76509pt.
 [25 <./pics/diagrams/register.png>]
<pics/diagrams/doctor-admin.png, id=337, 298.11375pt x 554.07pt>
File: pics/diagrams/doctor-admin.png Graphic file (type png)
<use pics/diagrams/doctor-admin.png>
Package pdftex.def Info: pics/diagrams/doctor-admin.png  used on input line 646.
(pdftex.def)             Requested size: 298.11302pt x 554.06865pt.
 [26 <./pics/diagrams/patient-list.png>]
<pics/IDEF3/context-diagram.png, id=348, 122.4575pt x 72.27pt>
File: pics/IDEF3/context-diagram.png Graphic file (type png)
<use pics/IDEF3/context-diagram.png>
Package pdftex.def Info: pics/IDEF3/context-diagram.png  used on input line 661.
(pdftex.def)             Requested size: 122.45718pt x 72.2698pt.
 [27 <./pics/diagrams/doctor-admin.png>] [28 <./pics/IDEF3/context-diagram.png>]
<pics/IDEF3/context-decomposition.png, id=362, 1075.01625pt x 1082.0425pt>
File: pics/IDEF3/context-decomposition.png Graphic file (type png)
<use pics/IDEF3/context-decomposition.png>
Package pdftex.def Info: pics/IDEF3/context-decomposition.png  used on input line 676.
(pdftex.def)             Requested size: 1075.01364pt x 1082.03986pt.
 [29

 <./pics/IDEF3/context-decomposition.png>]
<pics/IDEF3/context-doctor-admin.png, id=369, 820.06375pt x 253.94875pt>
File: pics/IDEF3/context-doctor-admin.png Graphic file (type png)
<use pics/IDEF3/context-doctor-admin.png>
Package pdftex.def Info: pics/IDEF3/context-doctor-admin.png  used on input line 685.
(pdftex.def)             Requested size: 820.06175pt x 253.94812pt.
<pics/IDEF3/context-user-list.png, id=371, 850.17625pt x 363.3575pt>
File: pics/IDEF3/context-user-list.png Graphic file (type png)
<use pics/IDEF3/context-user-list.png>
Package pdftex.def Info: pics/IDEF3/context-user-list.png  used on input line 693.
(pdftex.def)             Requested size: 850.17418pt x 363.3566pt.
<pics/IDEF3/context-change-profile.png, id=373, 759.83875pt x 163.61125pt>
File: pics/IDEF3/context-change-profile.png Graphic file (type png)
<use pics/IDEF3/context-change-profile.png>
Package pdftex.def Info: pics/IDEF3/context-change-profile.png  used on input line 701.
(pdftex.def)             Requested size: 759.83688pt x 163.61084pt.
 [30

 <./pics/IDEF3/context-doctor-admin.png> <./pics/IDEF3/context-user-list.png> <./pics/IDEF3/context-change-profile.png>]
{\cyrillictext \CYRG \cyrl \cyra \cyrv \cyra } 6.
[31

] [32]

Package hyperref Warning: Token not allowed in a PDF string (Unicode):
(hyperref)                removing `\hfil' on input line 758.


Package hyperref Warning: Token not allowed in a PDF string (Unicode):
(hyperref)                removing `\hfil' on input line 758.

LaTeX Font Info:    Trying to load font information for T2A+cmtt on input line 761.
(/usr/local/texlive/2023/texmf-dist/tex/latex/cyrillic/t2acmtt.fd
File: t2acmtt.fd 2001/08/11 v1.0a Computer Modern Cyrillic font definitions
)
Underfull \hbox (badness 2837) in paragraph at lines 759--763
[]\T2A/cmr/m/n/14.4 Аудитория ин-тер-не-та в 2022 го-ду.: MediaScope [Элек-трон-ный ре-
 []


Underfull \hbox (badness 1616) in paragraph at lines 759--763
\T2A/cmr/m/n/14.4 сурс]. - 2023. - URL: []$\T2A/cmtt/m/n/14.4 https : / / mediascope . net / upload / iblock / 3d8 /
 []


Underfull \hbox (badness 2103) in paragraph at lines 759--763
\T2A/cmtt/m/n/14.4 qrlhud7t7dxyzw1rhtzxg3rwk8deg7uk / 2022 _ РРќРўР•Р РќР•Рў . pdf$[] \T2A/cmr/m/n/14.4 (да-
 []


Underfull \hbox (badness 10000) in paragraph at lines 764--766
[]\T2A/cmr/m/n/14.4 diagrams.net.: Офи-ци-аль-ный сайт. - URL: []$\T2A/cmtt/m/n/14.4 https : / / vk . com /
 []

[33

] (./main.aux)

LaTeX Warning: There were undefined references.


LaTeX Warning: There were multiply-defined labels.

Package rerunfilecheck Info: File `main.out' has not changed.
(rerunfilecheck)             Checksum: A77A0106D393AFF8BC6BE42B5D0E526B;6407.
 ) 
Here is how much of TeX's memory you used:
 17546 strings out of 476025
 284117 string characters out of 5790017
 1869388 words of memory out of 5000000
 37587 multiletter control sequences out of 15000+600000
 517935 words of font info for 50 fonts, out of 8000000 for 9000
 1141 hyphenation exceptions out of 8191
 90i,17n,90p,1390b,595s stack positions out of 10000i,1000n,20000p,200000b,200000s
</usr/local/texlive/2023/texmf-dist/fonts/type1/public/cm-super/sfbx1440.pfb></usr/local/texlive/2023/texmf-dist/fonts/type1/public/cm-super/sfrm1000.pfb></usr/local/texlive/2023/texmf-dist/fonts/type1/public/cm-super/sfrm1440.pfb></usr/local/texlive/2023/texmf-dist/fonts/type1/public/cm-super/sftt1440.pfb>
Output written on main.pdf (33 pages, 510045 bytes).
PDF statistics:
 470 PDF objects out of 1000 (max. 8388607)
 376 compressed objects within 4 object streams
 120 named destinations out of 1000 (max. 500000)
 249 words of extra memory for PDF output out of 10000 (max. 10000000)

